<?xml version="1.0" encoding="UTF-8"?>
<!-- Generated by org.testng.reporters.JUnitReportReporter -->
<testsuite hostname="Biswajit" failures="0" tests="3" name="com.tutorialNinja.testCases.SearchTest" time="117.115" errors="0" timestamp="2022-12-16T16:20:27 IST" skipped="0">
  <testcase classname="com.tutorialNinja.testCases.SearchTest" name="verify_search_with_valid_product" time="79.856"/>
  <system-out/>
  <testcase classname="com.tutorialNinja.testCases.SearchTest" name="verify_search_with_invalid_product" time="7.926"/>
  <system-out/>
  <testcase classname="com.tutorialNinja.testCases.SearchTest" name="verify_search_without_putting_any_product_name" time="29.333"/>
  <system-out/>
</testsuite> <!-- com.tutorialNinja.testCases.SearchTest -->
