<?xml version="1.0" encoding="UTF-8"?>
<!-- Generated by org.testng.reporters.JUnitReportReporter -->
<testsuite hostname="Biswajit" failures="0" tests="6" name="com.tutorialNinja.testCases.LogInTest" time="121.628" errors="0" timestamp="2022-12-16T16:20:27 IST" skipped="0">
  <testcase classname="com.tutorialNinja.testCases.LogInTest" name="verify_login_with_valid_credentials" time="11.324"/>
  <system-out/>
  <testcase classname="com.tutorialNinja.testCases.LogInTest" name="verify_login_with_valid_credentials" time="25.069"/>
  <system-out/>
  <testcase classname="com.tutorialNinja.testCases.LogInTest" name="verify_login_with_invalid_credential" time="15.423"/>
  <system-out/>
  <testcase classname="com.tutorialNinja.testCases.LogInTest" name="verify_login_with_only_valid_email" time="23.993"/>
  <system-out/>
  <testcase classname="com.tutorialNinja.testCases.LogInTest" name="verify_login_with_only_valid_password" time="17.122"/>
  <system-out/>
  <testcase classname="com.tutorialNinja.testCases.LogInTest" name="verify_login_without_any_credential" time="28.697"/>
  <system-out/>
</testsuite> <!-- com.tutorialNinja.testCases.LogInTest -->
