<?xml version="1.0" encoding="UTF-8"?>
<!-- Generated by org.testng.reporters.JUnitReportReporter -->
<testsuite hostname="Biswajit" failures="0" tests="4" name="com.tutorialNinja.testCases.RegisterTest" time="52.873" errors="0" timestamp="2022-12-16T16:20:27 IST" skipped="0">
  <testcase classname="com.tutorialNinja.testCases.RegisterTest" name="verify_registering_with_mandatory_field" time="14.438"/>
  <system-out/>
  <testcase classname="com.tutorialNinja.testCases.RegisterTest" name="verify_registration_with_all_the_field" time="13.265"/>
  <system-out/>
  <testcase classname="com.tutorialNinja.testCases.RegisterTest" name="verify_registration_with_an_existing_email" time="12.584"/>
  <system-out/>
  <testcase classname="com.tutorialNinja.testCases.RegisterTest" name="verify_registration_without_filling_any_mandatory_field" time="12.586"/>
  <system-out/>
</testsuite> <!-- com.tutorialNinja.testCases.RegisterTest -->
